2026-07-10 12:19:51,219 | INFO | Exchange connection successful
2026-07-10 12:19:52,388 | INFO | Reading latest 5 emails
2026-07-10 12:20:15,853 | INFO | Attachment found in: post 
2026-07-10 12:20:15,853 | ERROR | Attachment saving failed: 'FileAttachment' object has no attribute 'save'
2026-07-10 12:20:15,855 | INFO | Email loaded: post 
2026-07-10 12:20:15,859 | INFO | Email loaded: hn   mjhb 
2026-07-10 12:20:15,935 | INFO | Email loaded: FRiday
2026-07-10 12:20:15,940 | INFO | Attachment found in: email
2026-07-10 12:20:15,940 | ERROR | Attachment saving failed: 'FileAttachment' object has no attribute 'save'
2026-07-10 12:20:15,940 | INFO | Email loaded: email
2026-07-10 12:20:15,940 | INFO | Email loaded: gdhnss
2026-07-10 12:22:56,127 | INFO | Exchange connection successful
2026-07-10 12:22:57,192 | INFO | Reading latest 5 emails
2026-07-10 12:23:08,348 | INFO | Attachment found in: post 
2026-07-10 12:23:08,350 | ERROR | Attachment saving failed: [Errno 2] No such file or directory: 'attachments\\Post-Mid-Term Assignment 2 TRW.pdf'
2026-07-10 12:23:08,351 | INFO | Email loaded: post 
2026-07-10 12:23:08,351 | INFO | Email loaded: hn   mjhb 
2026-07-10 12:23:08,404 | INFO | Email loaded: FRiday
2026-07-10 12:23:08,420 | INFO | Attachment found in: email
2026-07-10 12:23:08,421 | ERROR | Attachment saving failed: [Errno 2] No such file or directory: 'attachments\\Post-Mid-Term Assignment 2 TRW.pdf'
2026-07-10 12:23:08,422 | INFO | Email loaded: email
2026-07-10 12:23:08,427 | INFO | Email loaded: gdhnss
2026-07-10 12:23:08,432 | INFO | Reading latest 5 emails
2026-07-10 12:23:18,755 | INFO | Attachment found in: post 
2026-07-10 12:23:18,768 | ERROR | Attachment saving failed: [Errno 2] No such file or directory: 'attachments\\Post-Mid-Term Assignment 2 TRW.pdf'
2026-07-10 12:23:18,768 | INFO | Email loaded: post 
2026-07-10 12:23:18,768 | INFO | Email loaded: hn   mjhb 
2026-07-10 12:23:18,859 | INFO | Email loaded: FRiday
2026-07-10 12:23:18,862 | INFO | Attachment found in: email
2026-07-10 12:23:18,863 | ERROR | Attachment saving failed: [Errno 2] No such file or directory: 'attachments\\Post-Mid-Term Assignment 2 TRW.pdf'
2026-07-10 12:23:18,863 | INFO | Email loaded: email
2026-07-10 12:23:18,866 | INFO | Email loaded: gdhnss
2026-07-10 12:23:18,870 | INFO | Reading latest 5 emails
2026-07-10 12:23:28,290 | INFO | Attachment found in: post 
2026-07-10 12:23:28,291 | ERROR | Attachment saving failed: [Errno 2] No such file or directory: 'attachments\\Post-Mid-Term Assignment 2 TRW.pdf'
2026-07-10 12:23:28,291 | INFO | Email loaded: post 
2026-07-10 12:23:28,292 | INFO | Email loaded: hn   mjhb 
2026-07-10 12:23:28,334 | INFO | Email loaded: FRiday
2026-07-10 12:23:28,342 | INFO | Attachment found in: email
2026-07-10 12:23:28,342 | ERROR | Attachment saving failed: [Errno 2] No such file or directory: 'attachments\\Post-Mid-Term Assignment 2 TRW.pdf'
2026-07-10 12:23:28,342 | INFO | Email loaded: email
2026-07-10 12:23:28,342 | INFO | Email loaded: gdhnss
2026-07-10 12:23:28,349 | INFO | Reading latest 5 emails
2026-07-10 12:23:35,700 | INFO | Reading latest 5 emails
2026-07-10 12:23:40,091 | INFO | Attachment found in: post 
2026-07-10 12:23:40,098 | ERROR | Attachment saving failed: [Errno 2] No such file or directory: 'attachments\\Post-Mid-Term Assignment 2 TRW.pdf'
2026-07-10 12:23:40,106 | INFO | Email loaded: post 
2026-07-10 12:23:40,106 | INFO | Email loaded: hn   mjhb 
2026-07-10 12:23:40,188 | INFO | Email loaded: FRiday
2026-07-10 12:23:40,196 | INFO | Attachment found in: email
2026-07-10 12:23:40,196 | ERROR | Attachment saving failed: [Errno 2] No such file or directory: 'attachments\\Post-Mid-Term Assignment 2 TRW.pdf'
2026-07-10 12:23:40,196 | INFO | Email loaded: email
2026-07-10 12:23:40,196 | INFO | Email loaded: gdhnss
2026-07-10 12:23:40,208 | INFO | Reading latest 5 emails
2026-07-10 12:23:46,114 | INFO | Reading latest 5 emails
2026-07-10 12:23:51,161 | INFO | Reading latest 5 emails
2026-07-10 12:23:52,518 | INFO | Attachment found in: post 
2026-07-10 12:23:52,543 | ERROR | Attachment saving failed: [Errno 2] No such file or directory: 'attachments\\Post-Mid-Term Assignment 2 TRW.pdf'
2026-07-10 12:23:52,543 | INFO | Email loaded: post 
2026-07-10 12:23:52,560 | INFO | Email loaded: hn   mjhb 
2026-07-10 12:23:52,630 | INFO | Email loaded: FRiday
2026-07-10 12:23:52,636 | INFO | Attachment found in: email
2026-07-10 12:23:52,636 | ERROR | Attachment saving failed: [Errno 2] No such file or directory: 'attachments\\Post-Mid-Term Assignment 2 TRW.pdf'
2026-07-10 12:23:52,636 | INFO | Email loaded: email
2026-07-10 12:23:52,641 | INFO | Email loaded: gdhnss
2026-07-10 12:23:55,570 | INFO | Reading latest 5 emails
2026-07-10 12:24:00,681 | INFO | Reading latest 5 emails
2026-07-10 12:24:03,164 | INFO | Reading latest 5 emails
2026-07-10 12:24:03,362 | INFO | Attachment found in: post 
2026-07-10 12:24:03,362 | ERROR | Attachment saving failed: [Errno 2] No such file or directory: 'attachments\\Post-Mid-Term Assignment 2 TRW.pdf'
2026-07-10 12:24:03,362 | INFO | Email loaded: post 
2026-07-10 12:24:03,362 | INFO | Email loaded: hn   mjhb 
2026-07-10 12:24:03,442 | INFO | Email loaded: FRiday
2026-07-10 12:24:03,446 | INFO | Attachment found in: email
2026-07-10 12:24:03,446 | ERROR | Attachment saving failed: [Errno 2] No such file or directory: 'attachments\\Post-Mid-Term Assignment 2 TRW.pdf'
2026-07-10 12:24:03,448 | INFO | Email loaded: email
2026-07-10 12:24:03,451 | INFO | Email loaded: gdhnss
2026-07-10 12:24:03,456 | INFO | Reading latest 5 emails
2026-07-10 12:24:10,036 | INFO | Attachment found in: post 
2026-07-10 12:24:10,036 | ERROR | Attachment saving failed: [Errno 2] No such file or directory: 'attachments\\Post-Mid-Term Assignment 2 TRW.pdf'
2026-07-10 12:24:10,036 | INFO | Email loaded: post 
2026-07-10 12:24:10,039 | INFO | Email loaded: hn   mjhb 
2026-07-10 12:24:10,060 | INFO | Email loaded: FRiday
2026-07-10 12:24:10,068 | INFO | Attachment found in: email
2026-07-10 12:24:10,068 | ERROR | Attachment saving failed: [Errno 2] No such file or directory: 'attachments\\Post-Mid-Term Assignment 2 TRW.pdf'
2026-07-10 12:24:10,071 | INFO | Email loaded: email
2026-07-10 12:24:10,071 | INFO | Email loaded: gdhnss
2026-07-10 12:24:10,572 | INFO | Reading latest 5 emails
2026-07-10 12:24:18,806 | INFO | Attachment found in: post 
2026-07-10 12:24:18,818 | ERROR | Attachment saving failed: [Errno 2] No such file or directory: 'attachments\\Post-Mid-Term Assignment 2 TRW.pdf'
2026-07-10 12:24:18,822 | INFO | Email loaded: post 
2026-07-10 12:24:18,830 | INFO | Email loaded: hn   mjhb 
2026-07-10 12:24:18,907 | INFO | Email loaded: FRiday
2026-07-10 12:24:18,911 | INFO | Attachment found in: email
2026-07-10 12:24:18,921 | ERROR | Attachment saving failed: [Errno 2] No such file or directory: 'attachments\\Post-Mid-Term Assignment 2 TRW.pdf'
2026-07-10 12:24:18,935 | INFO | Email loaded: email
2026-07-10 12:24:18,941 | INFO | Email loaded: gdhnss
2026-07-10 12:24:18,941 | INFO | Reading latest 5 emails
2026-07-10 12:24:28,470 | INFO | Attachment found in: post 
2026-07-10 12:24:28,472 | ERROR | Attachment saving failed: [Errno 2] No such file or directory: 'attachments\\Post-Mid-Term Assignment 2 TRW.pdf'
2026-07-10 12:24:28,472 | INFO | Email loaded: post 
2026-07-10 12:24:28,474 | INFO | Email loaded: hn   mjhb 
2026-07-10 12:24:28,507 | INFO | Email loaded: FRiday
2026-07-10 12:24:28,520 | INFO | Attachment found in: email
2026-07-10 12:24:28,520 | ERROR | Attachment saving failed: [Errno 2] No such file or directory: 'attachments\\Post-Mid-Term Assignment 2 TRW.pdf'
2026-07-10 12:24:28,520 | INFO | Email loaded: email
2026-07-10 12:24:28,522 | INFO | Email loaded: gdhnss
2026-07-10 12:24:28,525 | INFO | Reading latest 5 emails
2026-07-10 12:24:36,030 | INFO | Attachment found in: post 
2026-07-10 12:24:36,030 | ERROR | Attachment saving failed: [Errno 2] No such file or directory: 'attachments\\Post-Mid-Term Assignment 2 TRW.pdf'
2026-07-10 12:24:36,030 | INFO | Email loaded: post 
2026-07-10 12:24:36,040 | INFO | Email loaded: hn   mjhb 
2026-07-10 12:24:36,090 | INFO | Email loaded: FRiday
2026-07-10 12:24:36,106 | INFO | Attachment found in: email
2026-07-10 12:24:36,107 | ERROR | Attachment saving failed: [Errno 2] No such file or directory: 'attachments\\Post-Mid-Term Assignment 2 TRW.pdf'
2026-07-10 12:24:36,107 | INFO | Email loaded: email
2026-07-10 12:24:36,107 | INFO | Email loaded: gdhnss
2026-07-10 12:24:36,107 | INFO | Reading latest 5 emails
2026-07-10 12:24:43,762 | INFO | Attachment found in: post 
2026-07-10 12:24:43,762 | ERROR | Attachment saving failed: [Errno 2] No such file or directory: 'attachments\\Post-Mid-Term Assignment 2 TRW.pdf'
2026-07-10 12:24:43,762 | INFO | Email loaded: post 
2026-07-10 12:24:43,762 | INFO | Email loaded: hn   mjhb 
2026-07-10 12:24:43,846 | INFO | Email loaded: FRiday
2026-07-10 12:24:43,852 | INFO | Attachment found in: email
2026-07-10 12:24:43,852 | ERROR | Attachment saving failed: [Errno 2] No such file or directory: 'attachments\\Post-Mid-Term Assignment 2 TRW.pdf'
2026-07-10 12:24:43,852 | INFO | Email loaded: email
2026-07-10 12:24:43,861 | INFO | Email loaded: gdhnss
2026-07-10 12:24:43,861 | INFO | Reading latest 5 emails
2026-07-10 12:24:51,241 | INFO | Attachment found in: post 
2026-07-10 12:24:51,241 | ERROR | Attachment saving failed: [Errno 2] No such file or directory: 'attachments\\Post-Mid-Term Assignment 2 TRW.pdf'
2026-07-10 12:24:51,241 | INFO | Email loaded: post 
2026-07-10 12:24:51,241 | INFO | Email loaded: hn   mjhb 
2026-07-10 12:24:51,273 | INFO | Email loaded: FRiday
2026-07-10 12:24:51,273 | INFO | Attachment found in: email
2026-07-10 12:24:51,273 | ERROR | Attachment saving failed: [Errno 2] No such file or directory: 'attachments\\Post-Mid-Term Assignment 2 TRW.pdf'
2026-07-10 12:24:51,273 | INFO | Email loaded: email
2026-07-10 12:24:51,273 | INFO | Email loaded: gdhnss
2026-07-10 12:24:51,279 | INFO | Reading latest 5 emails
2026-07-10 12:24:58,648 | INFO | Attachment found in: post 
2026-07-10 12:24:58,680 | ERROR | Attachment saving failed: [Errno 2] No such file or directory: 'attachments\\Post-Mid-Term Assignment 2 TRW.pdf'
2026-07-10 12:24:58,680 | INFO | Email loaded: post 
2026-07-10 12:24:58,688 | INFO | Email loaded: hn   mjhb 
2026-07-10 12:24:58,745 | INFO | Email loaded: FRiday
2026-07-10 12:24:58,756 | INFO | Attachment found in: email
2026-07-10 12:24:58,772 | ERROR | Attachment saving failed: [Errno 2] No such file or directory: 'attachments\\Post-Mid-Term Assignment 2 TRW.pdf'
2026-07-10 12:24:58,772 | INFO | Email loaded: email
2026-07-10 12:24:58,776 | INFO | Email loaded: gdhnss
2026-07-10 12:24:58,795 | INFO | Reading latest 5 emails
2026-07-10 12:25:09,870 | INFO | Attachment found in: post 
2026-07-10 12:25:09,870 | ERROR | Attachment saving failed: [Errno 2] No such file or directory: 'attachments\\Post-Mid-Term Assignment 2 TRW.pdf'
2026-07-10 12:25:09,871 | INFO | Email loaded: post 
2026-07-10 12:25:09,878 | INFO | Email loaded: hn   mjhb 
2026-07-10 12:25:09,949 | INFO | Email loaded: FRiday
2026-07-10 12:25:09,954 | INFO | Attachment found in: email
2026-07-10 12:25:09,955 | ERROR | Attachment saving failed: [Errno 2] No such file or directory: 'attachments\\Post-Mid-Term Assignment 2 TRW.pdf'
2026-07-10 12:25:09,955 | INFO | Email loaded: email
2026-07-10 12:25:09,955 | INFO | Email loaded: gdhnss
2026-07-10 12:25:09,965 | INFO | Reading latest 5 emails
2026-07-10 12:25:15,514 | INFO | Attachment found in: post 
2026-07-10 12:25:15,514 | ERROR | Attachment saving failed: [Errno 2] No such file or directory: 'attachments\\Post-Mid-Term Assignment 2 TRW.pdf'
2026-07-10 12:25:15,514 | INFO | Email loaded: post 
2026-07-10 12:25:15,514 | INFO | Email loaded: hn   mjhb 
2026-07-10 12:25:15,553 | INFO | Email loaded: FRiday
2026-07-10 12:25:15,553 | INFO | Attachment found in: email
2026-07-10 12:25:15,553 | ERROR | Attachment saving failed: [Errno 2] No such file or directory: 'attachments\\Post-Mid-Term Assignment 2 TRW.pdf'
2026-07-10 12:25:15,553 | INFO | Email loaded: email
2026-07-10 12:25:15,559 | INFO | Email loaded: gdhnss
2026-07-10 12:25:15,563 | INFO | Reading latest 5 emails
2026-07-10 12:25:22,936 | INFO | Attachment found in: post 
2026-07-10 12:25:22,936 | ERROR | Attachment saving failed: [Errno 2] No such file or directory: 'attachments\\Post-Mid-Term Assignment 2 TRW.pdf'
2026-07-10 12:25:22,936 | INFO | Email loaded: post 
2026-07-10 12:25:22,936 | INFO | Email loaded: hn   mjhb 
2026-07-10 12:25:22,971 | INFO | Email loaded: FRiday
2026-07-10 12:25:22,971 | INFO | Attachment found in: email
2026-07-10 12:25:22,971 | ERROR | Attachment saving failed: [Errno 2] No such file or directory: 'attachments\\Post-Mid-Term Assignment 2 TRW.pdf'
2026-07-10 12:25:22,971 | INFO | Email loaded: email
2026-07-10 12:25:22,971 | INFO | Email loaded: gdhnss
2026-07-10 12:25:22,971 | INFO | Reading latest 5 emails
2026-07-10 12:25:31,626 | INFO | Attachment found in: post 
2026-07-10 12:25:31,626 | ERROR | Attachment saving failed: [Errno 2] No such file or directory: 'attachments\\Post-Mid-Term Assignment 2 TRW.pdf'
2026-07-10 12:25:31,626 | INFO | Email loaded: post 
2026-07-10 12:25:31,635 | INFO | Email loaded: hn   mjhb 
2026-07-10 12:25:31,715 | INFO | Email loaded: FRiday
2026-07-10 12:25:31,715 | INFO | Attachment found in: email
2026-07-10 12:25:31,715 | ERROR | Attachment saving failed: [Errno 2] No such file or directory: 'attachments\\Post-Mid-Term Assignment 2 TRW.pdf'
2026-07-10 12:25:31,715 | INFO | Email loaded: email
2026-07-10 12:25:31,715 | INFO | Email loaded: gdhnss
2026-07-10 12:25:31,731 | INFO | Reading latest 5 emails
2026-07-10 12:25:39,494 | INFO | Attachment found in: post 
2026-07-10 12:25:39,516 | ERROR | Attachment saving failed: [Errno 2] No such file or directory: 'attachments\\Post-Mid-Term Assignment 2 TRW.pdf'
2026-07-10 12:25:39,520 | INFO | Email loaded: post 
2026-07-10 12:25:39,533 | INFO | Email loaded: hn   mjhb 
2026-07-10 12:25:39,652 | INFO | Email loaded: FRiday
2026-07-10 12:25:39,662 | INFO | Attachment found in: email
2026-07-10 12:25:39,662 | ERROR | Attachment saving failed: [Errno 2] No such file or directory: 'attachments\\Post-Mid-Term Assignment 2 TRW.pdf'
2026-07-10 12:25:39,662 | INFO | Email loaded: email
2026-07-10 12:25:39,669 | INFO | Email loaded: gdhnss
2026-07-10 12:25:39,674 | INFO | Reading latest 5 emails
2026-07-10 12:25:51,792 | INFO | Attachment found in: post 
2026-07-10 12:25:51,792 | ERROR | Attachment saving failed: [Errno 2] No such file or directory: 'attachments\\Post-Mid-Term Assignment 2 TRW.pdf'
2026-07-10 12:25:51,792 | INFO | Email loaded: post 
2026-07-10 12:25:51,792 | INFO | Email loaded: hn   mjhb 
2026-07-10 12:25:51,853 | INFO | Email loaded: FRiday
2026-07-10 12:25:51,867 | INFO | Attachment found in: email
2026-07-10 12:25:51,869 | ERROR | Attachment saving failed: [Errno 2] No such file or directory: 'attachments\\Post-Mid-Term Assignment 2 TRW.pdf'
2026-07-10 12:25:51,869 | INFO | Email loaded: email
2026-07-10 12:25:51,869 | INFO | Email loaded: gdhnss
2026-07-10 12:25:51,869 | INFO | Reading latest 5 emails
2026-07-10 12:25:59,565 | INFO | Attachment found in: post 
2026-07-10 12:25:59,565 | ERROR | Attachment saving failed: [Errno 2] No such file or directory: 'attachments\\Post-Mid-Term Assignment 2 TRW.pdf'
2026-07-10 12:25:59,565 | INFO | Email loaded: post 
2026-07-10 12:25:59,573 | INFO | Email loaded: hn   mjhb 
2026-07-10 12:25:59,633 | INFO | Email loaded: FRiday
2026-07-10 12:25:59,648 | INFO | Attachment found in: email
2026-07-10 12:25:59,648 | ERROR | Attachment saving failed: [Errno 2] No such file or directory: 'attachments\\Post-Mid-Term Assignment 2 TRW.pdf'
2026-07-10 12:25:59,649 | INFO | Email loaded: email
2026-07-10 12:25:59,650 | INFO | Email loaded: gdhnss
2026-07-10 12:25:59,658 | INFO | Reading latest 5 emails
2026-07-10 12:26:10,191 | INFO | Attachment found in: post 
2026-07-10 12:26:10,191 | ERROR | Attachment saving failed: [Errno 2] No such file or directory: 'attachments\\Post-Mid-Term Assignment 2 TRW.pdf'
2026-07-10 12:26:10,191 | INFO | Email loaded: post 
2026-07-10 12:26:10,191 | INFO | Email loaded: hn   mjhb 
2026-07-10 12:26:10,230 | INFO | Email loaded: FRiday
2026-07-10 12:26:10,248 | INFO | Attachment found in: email
2026-07-10 12:26:10,248 | ERROR | Attachment saving failed: [Errno 2] No such file or directory: 'attachments\\Post-Mid-Term Assignment 2 TRW.pdf'
2026-07-10 12:26:10,248 | INFO | Email loaded: email
2026-07-10 12:26:10,254 | INFO | Email loaded: gdhnss
2026-07-10 12:26:10,257 | INFO | Reading latest 5 emails
2026-07-10 12:26:16,901 | INFO | Attachment found in: post 
2026-07-10 12:26:16,901 | ERROR | Attachment saving failed: [Errno 2] No such file or directory: 'attachments\\Post-Mid-Term Assignment 2 TRW.pdf'
2026-07-10 12:26:16,902 | INFO | Email loaded: post 
2026-07-10 12:26:16,903 | INFO | Email loaded: hn   mjhb 
2026-07-10 12:26:16,932 | INFO | Email loaded: FRiday
2026-07-10 12:26:16,934 | INFO | Attachment found in: email
2026-07-10 12:26:16,934 | ERROR | Attachment saving failed: [Errno 2] No such file or directory: 'attachments\\Post-Mid-Term Assignment 2 TRW.pdf'
2026-07-10 12:26:16,934 | INFO | Email loaded: email
2026-07-10 12:26:16,944 | INFO | Email loaded: gdhnss
2026-07-10 12:26:16,966 | INFO | Reading latest 5 emails
2026-07-10 12:26:25,071 | INFO | Attachment found in: post 
2026-07-10 12:26:25,075 | ERROR | Attachment saving failed: [Errno 2] No such file or directory: 'attachments\\Post-Mid-Term Assignment 2 TRW.pdf'
2026-07-10 12:26:25,075 | INFO | Email loaded: post 
2026-07-10 12:26:25,082 | INFO | Email loaded: hn   mjhb 
2026-07-10 12:26:25,110 | INFO | Email loaded: FRiday
2026-07-10 12:26:25,112 | INFO | Attachment found in: email
2026-07-10 12:26:25,118 | ERROR | Attachment saving failed: [Errno 2] No such file or directory: 'attachments\\Post-Mid-Term Assignment 2 TRW.pdf'
2026-07-10 12:26:25,118 | INFO | Email loaded: email
2026-07-10 12:26:25,119 | INFO | Email loaded: gdhnss
2026-07-10 12:26:35,535 | INFO | Attachment found in: post 
2026-07-10 12:26:35,535 | ERROR | Attachment saving failed: [Errno 2] No such file or directory: 'attachments\\Post-Mid-Term Assignment 2 TRW.pdf'
2026-07-10 12:26:35,535 | INFO | Email loaded: post 
2026-07-10 12:26:35,535 | INFO | Email loaded: hn   mjhb 
2026-07-10 12:26:35,604 | INFO | Email loaded: FRiday
2026-07-10 12:26:35,608 | INFO | Attachment found in: email
2026-07-10 12:26:35,608 | ERROR | Attachment saving failed: [Errno 2] No such file or directory: 'attachments\\Post-Mid-Term Assignment 2 TRW.pdf'
2026-07-10 12:26:35,608 | INFO | Email loaded: email
2026-07-10 12:26:35,616 | INFO | Email loaded: gdhnss
2026-07-10 12:26:40,680 | INFO | Attachment found in: post 
2026-07-10 12:26:40,681 | ERROR | Attachment saving failed: [Errno 2] No such file or directory: 'attachments\\Post-Mid-Term Assignment 2 TRW.pdf'
2026-07-10 12:26:40,681 | INFO | Email loaded: post 
2026-07-10 12:26:40,682 | INFO | Email loaded: hn   mjhb 
2026-07-10 12:26:40,713 | INFO | Email loaded: FRiday
2026-07-10 12:26:40,715 | INFO | Attachment found in: email
2026-07-10 12:26:40,715 | ERROR | Attachment saving failed: [Errno 2] No such file or directory: 'attachments\\Post-Mid-Term Assignment 2 TRW.pdf'
2026-07-10 12:26:40,715 | INFO | Email loaded: email
2026-07-10 12:26:40,717 | INFO | Email loaded: gdhnss
2026-07-10 12:26:46,920 | INFO | Attachment found in: post 
2026-07-10 12:26:46,921 | ERROR | Attachment saving failed: [Errno 2] No such file or directory: 'attachments\\Post-Mid-Term Assignment 2 TRW.pdf'
2026-07-10 12:26:46,921 | INFO | Email loaded: post 
2026-07-10 12:26:46,922 | INFO | Email loaded: hn   mjhb 
2026-07-10 12:26:46,948 | INFO | Email loaded: FRiday
2026-07-10 12:26:46,951 | INFO | Attachment found in: email
2026-07-10 12:26:46,951 | ERROR | Attachment saving failed: [Errno 2] No such file or directory: 'attachments\\Post-Mid-Term Assignment 2 TRW.pdf'
2026-07-10 12:26:46,951 | INFO | Email loaded: email
2026-07-10 12:26:46,952 | INFO | Email loaded: gdhnss
2026-07-10 12:26:54,065 | INFO | Attachment found in: post 
2026-07-10 12:26:54,065 | ERROR | Attachment saving failed: [Errno 2] No such file or directory: 'attachments\\Post-Mid-Term Assignment 2 TRW.pdf'
2026-07-10 12:26:54,065 | INFO | Email loaded: post 
2026-07-10 12:26:54,081 | INFO | Email loaded: hn   mjhb 
2026-07-10 12:26:54,128 | INFO | Email loaded: FRiday
2026-07-10 12:26:54,144 | INFO | Attachment found in: email
2026-07-10 12:26:54,144 | ERROR | Attachment saving failed: [Errno 2] No such file or directory: 'attachments\\Post-Mid-Term Assignment 2 TRW.pdf'
2026-07-10 12:26:54,144 | INFO | Email loaded: email
2026-07-10 12:26:54,144 | INFO | Email loaded: gdhnss
2026-07-10 12:27:03,512 | INFO | Attachment found in: post 
2026-07-10 12:27:03,512 | ERROR | Attachment saving failed: [Errno 2] No such file or directory: 'attachments\\Post-Mid-Term Assignment 2 TRW.pdf'
2026-07-10 12:27:03,512 | INFO | Email loaded: post 
2026-07-10 12:27:03,512 | INFO | Email loaded: hn   mjhb 
2026-07-10 12:27:03,562 | INFO | Email loaded: FRiday
2026-07-10 12:27:03,574 | INFO | Attachment found in: email
2026-07-10 12:27:03,574 | ERROR | Attachment saving failed: [Errno 2] No such file or directory: 'attachments\\Post-Mid-Term Assignment 2 TRW.pdf'
2026-07-10 12:27:03,574 | INFO | Email loaded: email
2026-07-10 12:27:03,574 | INFO | Email loaded: gdhnss
2026-07-10 12:27:05,759 | INFO | Exchange connection successful
2026-07-10 12:27:05,762 | INFO | Exchange connection successful
2026-07-10 12:27:05,764 | INFO | Exchange connection successful
2026-07-10 12:27:05,764 | INFO | Exchange connection successful
2026-07-10 12:27:05,764 | INFO | Exchange connection successful
2026-07-10 12:27:05,766 | INFO | Exchange connection successful
2026-07-10 12:27:07,029 | INFO | Reading latest 5 emails
2026-07-10 12:27:07,235 | INFO | Reading latest 5 emails
2026-07-10 12:27:15,004 | INFO | Attachment found in: post 
2026-07-10 12:27:15,005 | ERROR | Attachment saving failed: [Errno 2] No such file or directory: 'attachments\\Post-Mid-Term Assignment 2 TRW.pdf'
2026-07-10 12:27:15,005 | INFO | Email loaded: post 
2026-07-10 12:27:15,006 | INFO | Email loaded: hn   mjhb 
2026-07-10 12:27:15,032 | INFO | Email loaded: FRiday
2026-07-10 12:27:15,034 | INFO | Attachment found in: email
2026-07-10 12:27:15,034 | ERROR | Attachment saving failed: [Errno 2] No such file or directory: 'attachments\\Post-Mid-Term Assignment 2 TRW.pdf'
2026-07-10 12:27:15,034 | INFO | Email loaded: email
2026-07-10 12:27:15,035 | INFO | Email loaded: gdhnss
2026-07-10 12:27:22,432 | INFO | Attachment found in: post 
2026-07-10 12:27:22,434 | INFO | Reading latest 5 emails
2026-07-10 12:27:22,439 | ERROR | Attachment saving failed: [Errno 2] No such file or directory: 'attachments\\Post-Mid-Term Assignment 2 TRW.pdf'
2026-07-10 12:27:22,439 | INFO | Email loaded: post 
2026-07-10 12:27:22,442 | INFO | Email loaded: hn   mjhb 
2026-07-10 12:27:22,472 | INFO | Email loaded: FRiday
2026-07-10 12:27:22,474 | INFO | Attachment found in: email
2026-07-10 12:27:22,474 | ERROR | Attachment saving failed: [Errno 2] No such file or directory: 'attachments\\Post-Mid-Term Assignment 2 TRW.pdf'
2026-07-10 12:27:22,474 | INFO | Email loaded: email
2026-07-10 12:27:22,475 | INFO | Email loaded: gdhnss
2026-07-10 12:27:35,665 | INFO | Attachment found in: post 
2026-07-10 12:27:35,667 | INFO | Reading latest 5 emails
2026-07-10 12:27:35,667 | ERROR | Attachment saving failed: [Errno 2] No such file or directory: 'attachments\\Post-Mid-Term Assignment 2 TRW.pdf'
2026-07-10 12:27:35,667 | INFO | Email loaded: post 
2026-07-10 12:27:35,678 | INFO | Email loaded: hn   mjhb 
2026-07-10 12:27:35,731 | INFO | Email loaded: FRiday
2026-07-10 12:27:35,746 | INFO | Attachment found in: email
2026-07-10 12:27:35,746 | ERROR | Attachment saving failed: [Errno 2] No such file or directory: 'attachments\\Post-Mid-Term Assignment 2 TRW.pdf'
2026-07-10 12:27:35,746 | INFO | Email loaded: email
2026-07-10 12:27:35,754 | INFO | Email loaded: gdhnss
2026-07-10 12:27:35,932 | INFO | Reading latest 5 emails
2026-07-10 12:27:45,217 | INFO | Attachment found in: post 
2026-07-10 12:27:45,221 | ERROR | Attachment saving failed: [Errno 2] No such file or directory: 'attachments\\Post-Mid-Term Assignment 2 TRW.pdf'
2026-07-10 12:27:45,221 | INFO | Email loaded: post 
2026-07-10 12:27:45,223 | INFO | Email loaded: hn   mjhb 
2026-07-10 12:27:45,255 | INFO | Email loaded: FRiday
2026-07-10 12:27:45,257 | INFO | Attachment found in: email
2026-07-10 12:27:45,263 | ERROR | Attachment saving failed: [Errno 2] No such file or directory: 'attachments\\Post-Mid-Term Assignment 2 TRW.pdf'
2026-07-10 12:27:45,265 | INFO | Email loaded: email
2026-07-10 12:27:45,267 | INFO | Email loaded: gdhnss
2026-07-10 12:27:45,332 | INFO | Reading latest 5 emails
2026-07-10 12:27:45,337 | INFO | Reading latest 5 emails
2026-07-10 12:27:45,343 | INFO | Reading latest 5 emails
2026-07-10 12:27:45,349 | INFO | Reading latest 5 emails
2026-07-10 12:27:45,356 | INFO | Reading latest 5 emails
2026-07-10 12:27:51,689 | INFO | Attachment found in: post 
2026-07-10 12:27:51,698 | ERROR | Attachment saving failed: [Errno 2] No such file or directory: 'attachments\\Post-Mid-Term Assignment 2 TRW.pdf'
2026-07-10 12:27:51,698 | INFO | Email loaded: post 
2026-07-10 12:27:51,700 | INFO | Email loaded: hn   mjhb 
2026-07-10 12:27:51,734 | INFO | Email loaded: FRiday
2026-07-10 12:27:51,736 | INFO | Attachment found in: email
2026-07-10 12:27:51,743 | ERROR | Attachment saving failed: [Errno 2] No such file or directory: 'attachments\\Post-Mid-Term Assignment 2 TRW.pdf'
2026-07-10 12:27:51,743 | INFO | Email loaded: email
2026-07-10 12:27:51,744 | INFO | Email loaded: gdhnss
2026-07-10 12:27:51,758 | INFO | Reading latest 5 emails
2026-07-10 12:27:58,478 | INFO | Attachment found in: post 
2026-07-10 12:27:58,479 | ERROR | Attachment saving failed: [Errno 2] No such file or directory: 'attachments\\Post-Mid-Term Assignment 2 TRW.pdf'
2026-07-10 12:27:58,479 | INFO | Email loaded: post 
2026-07-10 12:27:58,481 | INFO | Email loaded: hn   mjhb 
2026-07-10 12:27:58,508 | INFO | Email loaded: FRiday
2026-07-10 12:27:58,510 | INFO | Attachment found in: email
2026-07-10 12:27:58,510 | ERROR | Attachment saving failed: [Errno 2] No such file or directory: 'attachments\\Post-Mid-Term Assignment 2 TRW.pdf'
2026-07-10 12:27:58,511 | INFO | Email loaded: email
2026-07-10 12:27:58,514 | INFO | Email loaded: gdhnss
2026-07-10 12:27:58,517 | INFO | Reading latest 5 emails
2026-07-10 12:28:04,298 | INFO | Attachment found in: post 
2026-07-10 12:28:04,298 | ERROR | Attachment saving failed: [Errno 2] No such file or directory: 'attachments\\Post-Mid-Term Assignment 2 TRW.pdf'
2026-07-10 12:28:04,299 | INFO | Email loaded: post 
2026-07-10 12:28:04,300 | INFO | Email loaded: hn   mjhb 
2026-07-10 12:28:04,328 | INFO | Email loaded: FRiday
2026-07-10 12:28:04,332 | INFO | Attachment found in: email
2026-07-10 12:28:04,332 | ERROR | Attachment saving failed: [Errno 2] No such file or directory: 'attachments\\Post-Mid-Term Assignment 2 TRW.pdf'
2026-07-10 12:28:04,332 | INFO | Email loaded: email
2026-07-10 12:28:04,335 | INFO | Email loaded: gdhnss
2026-07-10 12:28:04,337 | INFO | Reading latest 5 emails
2026-07-10 12:28:10,326 | INFO | Attachment found in: post 
2026-07-10 12:28:10,326 | ERROR | Attachment saving failed: [Errno 2] No such file or directory: 'attachments\\Post-Mid-Term Assignment 2 TRW.pdf'
2026-07-10 12:28:10,326 | INFO | Email loaded: post 
2026-07-10 12:28:10,328 | INFO | Email loaded: hn   mjhb 
2026-07-10 12:28:10,354 | INFO | Email loaded: FRiday
2026-07-10 12:28:10,356 | INFO | Attachment found in: email
2026-07-10 12:28:10,356 | ERROR | Attachment saving failed: [Errno 2] No such file or directory: 'attachments\\Post-Mid-Term Assignment 2 TRW.pdf'
2026-07-10 12:28:10,356 | INFO | Email loaded: email
2026-07-10 12:28:10,358 | INFO | Email loaded: gdhnss
2026-07-10 12:28:10,361 | INFO | Reading latest 5 emails
2026-07-10 12:28:16,357 | INFO | Attachment found in: post 
2026-07-10 12:28:16,357 | ERROR | Attachment saving failed: [Errno 2] No such file or directory: 'attachments\\Post-Mid-Term Assignment 2 TRW.pdf'
2026-07-10 12:28:16,358 | INFO | Email loaded: post 
2026-07-10 12:28:16,360 | INFO | Email loaded: hn   mjhb 
2026-07-10 12:28:16,392 | INFO | Email loaded: FRiday
2026-07-10 12:28:16,395 | INFO | Attachment found in: email
2026-07-10 12:28:16,396 | ERROR | Attachment saving failed: [Errno 2] No such file or directory: 'attachments\\Post-Mid-Term Assignment 2 TRW.pdf'
2026-07-10 12:28:16,396 | INFO | Email loaded: email
2026-07-10 12:28:16,398 | INFO | Email loaded: gdhnss
2026-07-10 12:28:26,337 | INFO | Attachment found in: post 
2026-07-10 12:28:26,353 | ERROR | Attachment saving failed: [Errno 2] No such file or directory: 'attachments\\Post-Mid-Term Assignment 2 TRW.pdf'
2026-07-10 12:28:26,353 | INFO | Email loaded: post 
2026-07-10 12:28:26,369 | INFO | Email loaded: hn   mjhb 
2026-07-10 12:28:26,452 | INFO | Email loaded: FRiday
2026-07-10 12:28:26,452 | INFO | Attachment found in: email
2026-07-10 12:28:26,464 | ERROR | Attachment saving failed: [Errno 2] No such file or directory: 'attachments\\Post-Mid-Term Assignment 2 TRW.pdf'
2026-07-10 12:28:26,464 | INFO | Email loaded: email
2026-07-10 12:28:26,464 | INFO | Email loaded: gdhnss
2026-07-10 12:28:34,510 | INFO | Attachment found in: post 
2026-07-10 12:28:34,511 | ERROR | Attachment saving failed: [Errno 2] No such file or directory: 'attachments\\Post-Mid-Term Assignment 2 TRW.pdf'
2026-07-10 12:28:34,511 | INFO | Email loaded: post 
2026-07-10 12:28:34,512 | INFO | Email loaded: hn   mjhb 
2026-07-10 12:28:34,539 | INFO | Email loaded: FRiday
2026-07-10 12:28:34,544 | INFO | Attachment found in: email
2026-07-10 12:28:34,545 | ERROR | Attachment saving failed: [Errno 2] No such file or directory: 'attachments\\Post-Mid-Term Assignment 2 TRW.pdf'
2026-07-10 12:28:34,545 | INFO | Email loaded: email
2026-07-10 12:28:34,546 | INFO | Email loaded: gdhnss
2026-07-10 12:28:34,549 | INFO | Reading latest 5 emails
2026-07-10 12:28:40,218 | INFO | Reading latest 5 emails
2026-07-10 12:28:44,921 | INFO | Attachment found in: post 
2026-07-10 12:28:44,921 | ERROR | Attachment saving failed: [Errno 2] No such file or directory: 'attachments\\Post-Mid-Term Assignment 2 TRW.pdf'
2026-07-10 12:28:44,921 | INFO | Email loaded: post 
2026-07-10 12:28:44,921 | INFO | Email loaded: hn   mjhb 
2026-07-10 12:28:44,992 | INFO | Email loaded: FRiday
2026-07-10 12:28:45,000 | INFO | Attachment found in: email
2026-07-10 12:28:45,000 | ERROR | Attachment saving failed: [Errno 2] No such file or directory: 'attachments\\Post-Mid-Term Assignment 2 TRW.pdf'
2026-07-10 12:28:45,000 | INFO | Email loaded: email
2026-07-10 12:28:45,000 | INFO | Email loaded: gdhnss
2026-07-10 12:28:48,580 | INFO | Reading latest 5 emails
2026-07-10 12:28:53,774 | INFO | Attachment found in: post 
2026-07-10 12:28:53,775 | ERROR | Attachment saving failed: [Errno 2] No such file or directory: 'attachments\\Post-Mid-Term Assignment 2 TRW.pdf'
2026-07-10 12:28:53,775 | INFO | Email loaded: post 
2026-07-10 12:28:53,776 | INFO | Email loaded: hn   mjhb 
2026-07-10 12:28:53,871 | INFO | Email loaded: FRiday
2026-07-10 12:28:53,874 | INFO | Attachment found in: email
2026-07-10 12:28:53,874 | ERROR | Attachment saving failed: [Errno 2] No such file or directory: 'attachments\\Post-Mid-Term Assignment 2 TRW.pdf'
2026-07-10 12:28:53,874 | INFO | Email loaded: email
2026-07-10 12:28:53,883 | INFO | Email loaded: gdhnss
2026-07-10 12:28:59,851 | INFO | Attachment found in: post 
2026-07-10 12:28:59,862 | ERROR | Attachment saving failed: [Errno 2] No such file or directory: 'attachments\\Post-Mid-Term Assignment 2 TRW.pdf'
2026-07-10 12:28:59,863 | INFO | Email loaded: post 
2026-07-10 12:28:59,866 | INFO | Email loaded: hn   mjhb 
2026-07-10 12:28:59,910 | INFO | Email loaded: FRiday
2026-07-10 12:28:59,917 | INFO | Attachment found in: email
2026-07-10 12:28:59,925 | ERROR | Attachment saving failed: [Errno 2] No such file or directory: 'attachments\\Post-Mid-Term Assignment 2 TRW.pdf'
2026-07-10 12:28:59,925 | INFO | Email loaded: email
2026-07-10 12:28:59,927 | INFO | Email loaded: gdhnss
2026-07-10 12:29:09,624 | INFO | Attachment found in: post 
2026-07-10 12:29:09,624 | ERROR | Attachment saving failed: [Errno 2] No such file or directory: 'attachments\\Post-Mid-Term Assignment 2 TRW.pdf'
2026-07-10 12:29:09,624 | INFO | Email loaded: post 
2026-07-10 12:29:09,636 | INFO | Email loaded: hn   mjhb 
2026-07-10 12:29:09,690 | INFO | Email loaded: FRiday
2026-07-10 12:29:09,699 | INFO | Attachment found in: email
2026-07-10 12:29:09,699 | ERROR | Attachment saving failed: [Errno 2] No such file or directory: 'attachments\\Post-Mid-Term Assignment 2 TRW.pdf'
2026-07-10 12:29:09,699 | INFO | Email loaded: email
2026-07-10 12:29:09,706 | INFO | Email loaded: gdhnss
2026-07-10 12:29:18,389 | INFO | Attachment found in: post 
2026-07-10 12:29:18,389 | ERROR | Attachment saving failed: [Errno 2] No such file or directory: 'attachments\\Post-Mid-Term Assignment 2 TRW.pdf'
2026-07-10 12:29:18,389 | INFO | Email loaded: post 
2026-07-10 12:29:18,396 | INFO | Email loaded: hn   mjhb 
2026-07-10 12:29:18,460 | INFO | Email loaded: FRiday
2026-07-10 12:29:18,460 | INFO | Attachment found in: email
2026-07-10 12:29:18,460 | ERROR | Attachment saving failed: [Errno 2] No such file or directory: 'attachments\\Post-Mid-Term Assignment 2 TRW.pdf'
2026-07-10 12:29:18,460 | INFO | Email loaded: email
2026-07-10 12:29:18,472 | INFO | Email loaded: gdhnss
2026-07-10 12:29:26,306 | INFO | Attachment found in: post 
2026-07-10 12:29:26,306 | ERROR | Attachment saving failed: [Errno 2] No such file or directory: 'attachments\\Post-Mid-Term Assignment 2 TRW.pdf'
2026-07-10 12:29:26,306 | INFO | Email loaded: post 
2026-07-10 12:29:26,306 | INFO | Email loaded: hn   mjhb 
2026-07-10 12:29:26,374 | INFO | Email loaded: FRiday
2026-07-10 12:29:26,374 | INFO | Attachment found in: email
2026-07-10 12:29:26,374 | ERROR | Attachment saving failed: [Errno 2] No such file or directory: 'attachments\\Post-Mid-Term Assignment 2 TRW.pdf'
2026-07-10 12:29:26,374 | INFO | Email loaded: email
2026-07-10 12:29:26,387 | INFO | Email loaded: gdhnss
2026-07-10 12:29:28,281 | INFO | Exchange connection successful
2026-07-10 12:29:28,281 | INFO | Exchange connection successful
2026-07-10 12:29:28,284 | INFO | Exchange connection successful
2026-07-10 12:29:28,284 | INFO | Exchange connection successful
2026-07-10 12:29:28,284 | INFO | Exchange connection successful
2026-07-10 12:29:29,496 | INFO | Reading latest 5 emails
2026-07-10 12:29:29,717 | INFO | Reading latest 5 emails
2026-07-10 12:29:54,216 | INFO | Attachment found in: post 
2026-07-10 12:29:54,218 | ERROR | Attachment saving failed: [Errno 2] No such file or directory: 'attachments\\Post-Mid-Term Assignment 2 TRW.pdf'
2026-07-10 12:29:54,218 | INFO | Email loaded: post 
2026-07-10 12:29:54,219 | INFO | Email loaded: hn   mjhb 
2026-07-10 12:29:54,248 | INFO | Email loaded: FRiday
2026-07-10 12:29:54,250 | INFO | Attachment found in: email
2026-07-10 12:29:54,250 | ERROR | Attachment saving failed: [Errno 2] No such file or directory: 'attachments\\Post-Mid-Term Assignment 2 TRW.pdf'
2026-07-10 12:29:54,250 | INFO | Email loaded: email
2026-07-10 12:29:54,252 | INFO | Email loaded: gdhnss
2026-07-10 12:29:54,275 | INFO | Reading latest 5 emails
2026-07-10 12:30:25,605 | INFO | Attachment found in: post 
2026-07-10 12:30:25,631 | ERROR | Attachment saving failed: [Errno 2] No such file or directory: 'attachments\\Post-Mid-Term Assignment 2 TRW.pdf'
2026-07-10 12:30:25,636 | INFO | Email loaded: post 
2026-07-10 12:30:25,639 | INFO | Email loaded: hn   mjhb 
2026-07-10 12:30:25,701 | INFO | Email loaded: FRiday
2026-07-10 12:30:25,708 | INFO | Attachment found in: email
2026-07-10 12:30:25,708 | ERROR | Attachment saving failed: [Errno 2] No such file or directory: 'attachments\\Post-Mid-Term Assignment 2 TRW.pdf'
2026-07-10 12:30:25,708 | INFO | Email loaded: email
2026-07-10 12:30:25,717 | INFO | Email loaded: gdhnss
2026-07-10 12:30:52,456 | INFO | Attachment found in: post 
2026-07-10 12:30:52,466 | INFO | Reading latest 5 emails
2026-07-10 12:30:52,466 | ERROR | Attachment saving failed: [Errno 2] No such file or directory: 'attachments\\Post-Mid-Term Assignment 2 TRW.pdf'
2026-07-10 12:30:52,480 | INFO | Email loaded: post 
2026-07-10 12:30:52,485 | INFO | Email loaded: hn   mjhb 
2026-07-10 12:30:52,570 | INFO | Email loaded: FRiday
2026-07-10 12:30:52,577 | INFO | Attachment found in: email
2026-07-10 12:30:52,577 | ERROR | Attachment saving failed: [Errno 2] No such file or directory: 'attachments\\Post-Mid-Term Assignment 2 TRW.pdf'
2026-07-10 12:30:52,577 | INFO | Email loaded: email
2026-07-10 12:30:52,577 | INFO | Email loaded: gdhnss
2026-07-10 12:30:53,053 | INFO | Reading latest 5 emails
2026-07-10 12:30:53,053 | INFO | Reading latest 5 emails
2026-07-10 12:30:53,061 | INFO | Reading latest 5 emails
2026-07-10 12:30:53,069 | INFO | Reading latest 5 emails
2026-07-10 12:30:53,077 | INFO | Reading latest 5 emails
2026-07-10 12:30:53,082 | INFO | Reading latest 5 emails
2026-07-10 12:30:53,082 | INFO | Reading latest 5 emails
2026-07-10 12:30:53,082 | INFO | Reading latest 5 emails
2026-07-10 12:31:18,348 | INFO | Attachment found in: post 
2026-07-10 12:31:18,366 | ERROR | Attachment saving failed: [Errno 2] No such file or directory: 'attachments\\Post-Mid-Term Assignment 2 TRW.pdf'
2026-07-10 12:31:18,380 | INFO | Email loaded: post 
2026-07-10 12:31:18,384 | INFO | Email loaded: hn   mjhb 
2026-07-10 12:31:18,468 | INFO | Email loaded: FRiday
2026-07-10 12:31:18,477 | INFO | Attachment found in: email
2026-07-10 12:31:18,493 | ERROR | Attachment saving failed: [Errno 2] No such file or directory: 'attachments\\Post-Mid-Term Assignment 2 TRW.pdf'
2026-07-10 12:31:18,502 | INFO | Email loaded: email
2026-07-10 12:31:18,509 | INFO | Email loaded: gdhnss
2026-07-10 12:31:44,624 | INFO | Attachment found in: post 
2026-07-10 12:31:44,624 | ERROR | Attachment saving failed: [Errno 2] No such file or directory: 'attachments\\Post-Mid-Term Assignment 2 TRW.pdf'
2026-07-10 12:31:44,624 | INFO | Email loaded: post 
2026-07-10 12:31:44,631 | INFO | Email loaded: hn   mjhb 
2026-07-10 12:31:44,716 | INFO | Email loaded: FRiday
2026-07-10 12:31:44,716 | INFO | Attachment found in: email
2026-07-10 12:31:44,728 | ERROR | Attachment saving failed: [Errno 2] No such file or directory: 'attachments\\Post-Mid-Term Assignment 2 TRW.pdf'
2026-07-10 12:31:44,728 | INFO | Email loaded: email
2026-07-10 12:31:44,733 | INFO | Email loaded: gdhnss
2026-07-10 12:32:03,847 | INFO | Attachment found in: post 
2026-07-10 12:32:03,847 | ERROR | Attachment saving failed: [Errno 2] No such file or directory: 'attachments\\Post-Mid-Term Assignment 2 TRW.pdf'
2026-07-10 12:32:03,847 | INFO | Email loaded: post 
2026-07-10 12:32:03,847 | INFO | Email loaded: hn   mjhb 
2026-07-10 12:32:03,920 | INFO | Email loaded: FRiday
2026-07-10 12:32:03,920 | INFO | Attachment found in: email
2026-07-10 12:32:03,920 | ERROR | Attachment saving failed: [Errno 2] No such file or directory: 'attachments\\Post-Mid-Term Assignment 2 TRW.pdf'
2026-07-10 12:32:03,920 | INFO | Email loaded: email
2026-07-10 12:32:03,929 | INFO | Email loaded: gdhnss
2026-07-10 12:32:22,415 | INFO | Attachment found in: post 
2026-07-10 12:32:22,416 | ERROR | Attachment saving failed: [Errno 2] No such file or directory: 'attachments\\Post-Mid-Term Assignment 2 TRW.pdf'
2026-07-10 12:32:22,416 | INFO | Email loaded: post 
2026-07-10 12:32:22,416 | INFO | Email loaded: hn   mjhb 
2026-07-10 12:32:22,500 | INFO | Email loaded: FRiday
2026-07-10 12:32:22,509 | INFO | Attachment found in: email
2026-07-10 12:32:22,509 | ERROR | Attachment saving failed: [Errno 2] No such file or directory: 'attachments\\Post-Mid-Term Assignment 2 TRW.pdf'
2026-07-10 12:32:22,509 | INFO | Email loaded: email
2026-07-10 12:32:22,513 | INFO | Email loaded: gdhnss
2026-07-10 12:32:22,525 | INFO | Reading latest 5 emails
2026-07-10 12:32:22,549 | INFO | Reading latest 5 emails
2026-07-10 12:32:22,565 | INFO | Reading latest 5 emails
2026-07-10 12:32:22,578 | INFO | Reading latest 5 emails
2026-07-10 12:32:22,580 | INFO | Reading latest 5 emails
2026-07-10 12:32:22,589 | INFO | Reading latest 5 emails
2026-07-10 12:32:22,598 | INFO | Reading latest 5 emails
2026-07-10 12:32:40,266 | INFO | Attachment found in: post 
2026-07-10 12:32:40,276 | ERROR | Attachment saving failed: [Errno 2] No such file or directory: 'attachments\\Post-Mid-Term Assignment 2 TRW.pdf'
2026-07-10 12:32:40,276 | INFO | Email loaded: post 
2026-07-10 12:32:40,276 | INFO | Email loaded: hn   mjhb 
2026-07-10 12:32:40,356 | INFO | Email loaded: FRiday
2026-07-10 12:32:40,356 | INFO | Attachment found in: email
2026-07-10 12:32:40,356 | ERROR | Attachment saving failed: [Errno 2] No such file or directory: 'attachments\\Post-Mid-Term Assignment 2 TRW.pdf'
2026-07-10 12:32:40,356 | INFO | Email loaded: email
2026-07-10 12:32:40,372 | INFO | Email loaded: gdhnss
2026-07-10 12:32:47,556 | INFO | Reading latest 5 emails
2026-07-10 12:32:52,575 | INFO | Reading latest 5 emails
2026-07-10 12:33:07,889 | INFO | Attachment found in: post 
2026-07-10 12:33:07,889 | ERROR | Attachment saving failed: [Errno 2] No such file or directory: 'attachments\\Post-Mid-Term Assignment 2 TRW.pdf'
2026-07-10 12:33:07,889 | INFO | Email loaded: post 
2026-07-10 12:33:07,889 | INFO | Email loaded: hn   mjhb 
2026-07-10 12:33:07,960 | INFO | Email loaded: FRiday
2026-07-10 12:33:07,976 | INFO | Attachment found in: email
2026-07-10 12:33:07,976 | ERROR | Attachment saving failed: [Errno 2] No such file or directory: 'attachments\\Post-Mid-Term Assignment 2 TRW.pdf'
2026-07-10 12:33:07,976 | INFO | Email loaded: email
2026-07-10 12:33:07,976 | INFO | Email loaded: gdhnss
2026-07-10 12:33:26,359 | INFO | Attachment found in: post 
2026-07-10 12:33:26,389 | ERROR | Attachment saving failed: [Errno 2] No such file or directory: 'attachments\\Post-Mid-Term Assignment 2 TRW.pdf'
2026-07-10 12:33:26,389 | INFO | Email loaded: post 
2026-07-10 12:33:26,389 | INFO | Email loaded: hn   mjhb 
2026-07-10 12:33:26,478 | INFO | Email loaded: FRiday
2026-07-10 12:33:26,492 | INFO | Attachment found in: email
2026-07-10 12:33:26,524 | ERROR | Attachment saving failed: [Errno 2] No such file or directory: 'attachments\\Post-Mid-Term Assignment 2 TRW.pdf'
2026-07-10 12:33:26,524 | INFO | Email loaded: email
2026-07-10 12:33:26,532 | INFO | Email loaded: gdhnss
2026-07-10 12:33:26,590 | INFO | Reading latest 5 emails
2026-07-10 12:33:45,879 | INFO | Attachment found in: post 
2026-07-10 12:33:45,879 | ERROR | Attachment saving failed: [Errno 2] No such file or directory: 'attachments\\Post-Mid-Term Assignment 2 TRW.pdf'
2026-07-10 12:33:45,879 | INFO | Email loaded: post 
2026-07-10 12:33:45,879 | INFO | Email loaded: hn   mjhb 
2026-07-10 12:33:45,951 | INFO | Email loaded: FRiday
2026-07-10 12:33:45,951 | INFO | Attachment found in: email
2026-07-10 12:33:45,951 | ERROR | Attachment saving failed: [Errno 2] No such file or directory: 'attachments\\Post-Mid-Term Assignment 2 TRW.pdf'
2026-07-10 12:33:45,951 | INFO | Email loaded: email
2026-07-10 12:33:45,967 | INFO | Email loaded: gdhnss
2026-07-10 12:34:01,405 | INFO | Attachment found in: post 
2026-07-10 12:34:01,405 | ERROR | Attachment saving failed: [Errno 2] No such file or directory: 'attachments\\Post-Mid-Term Assignment 2 TRW.pdf'
2026-07-10 12:34:01,405 | INFO | Email loaded: post 
2026-07-10 12:34:01,405 | INFO | Email loaded: hn   mjhb 
2026-07-10 12:34:01,476 | INFO | Email loaded: FRiday
2026-07-10 12:34:01,476 | INFO | Attachment found in: email
2026-07-10 12:34:01,476 | ERROR | Attachment saving failed: [Errno 2] No such file or directory: 'attachments\\Post-Mid-Term Assignment 2 TRW.pdf'
2026-07-10 12:34:01,492 | INFO | Email loaded: email
2026-07-10 12:34:01,493 | INFO | Email loaded: gdhnss
2026-07-10 12:34:18,161 | INFO | Attachment found in: post 
2026-07-10 12:34:18,161 | ERROR | Attachment saving failed: [Errno 2] No such file or directory: 'attachments\\Post-Mid-Term Assignment 2 TRW.pdf'
2026-07-10 12:34:18,161 | INFO | Email loaded: post 
2026-07-10 12:34:18,163 | INFO | Email loaded: hn   mjhb 
2026-07-10 12:34:18,241 | INFO | Email loaded: FRiday
2026-07-10 12:34:18,248 | INFO | Attachment found in: email
2026-07-10 12:34:18,248 | ERROR | Attachment saving failed: [Errno 2] No such file or directory: 'attachments\\Post-Mid-Term Assignment 2 TRW.pdf'
2026-07-10 12:34:18,248 | INFO | Email loaded: email
2026-07-10 12:34:18,248 | INFO | Email loaded: gdhnss
2026-07-10 12:34:34,217 | INFO | Attachment found in: post 
2026-07-10 12:34:34,217 | ERROR | Attachment saving failed: [Errno 2] No such file or directory: 'attachments\\Post-Mid-Term Assignment 2 TRW.pdf'
2026-07-10 12:34:34,217 | INFO | Email loaded: post 
2026-07-10 12:34:34,217 | INFO | Email loaded: hn   mjhb 
2026-07-10 12:34:34,288 | INFO | Email loaded: FRiday
2026-07-10 12:34:34,304 | INFO | Attachment found in: email
2026-07-10 12:34:34,304 | ERROR | Attachment saving failed: [Errno 2] No such file or directory: 'attachments\\Post-Mid-Term Assignment 2 TRW.pdf'
2026-07-10 12:34:34,304 | INFO | Email loaded: email
2026-07-10 12:34:34,304 | INFO | Email loaded: gdhnss
2026-07-10 12:34:51,150 | INFO | Attachment found in: post 
2026-07-10 12:34:51,150 | ERROR | Attachment saving failed: [Errno 2] No such file or directory: 'attachments\\Post-Mid-Term Assignment 2 TRW.pdf'
2026-07-10 12:34:51,150 | INFO | Email loaded: post 
2026-07-10 12:34:51,150 | INFO | Email loaded: hn   mjhb 
2026-07-10 12:34:51,232 | INFO | Email loaded: FRiday
2026-07-10 12:34:51,234 | INFO | Attachment found in: email
2026-07-10 12:34:51,234 | ERROR | Attachment saving failed: [Errno 2] No such file or directory: 'attachments\\Post-Mid-Term Assignment 2 TRW.pdf'
2026-07-10 12:34:51,234 | INFO | Email loaded: email
2026-07-10 12:34:51,234 | INFO | Email loaded: gdhnss
2026-07-10 12:35:07,795 | INFO | Attachment found in: post 
2026-07-10 12:35:07,802 | ERROR | Attachment saving failed: [Errno 2] No such file or directory: 'attachments\\Post-Mid-Term Assignment 2 TRW.pdf'
2026-07-10 12:35:07,802 | INFO | Email loaded: post 
2026-07-10 12:35:07,802 | INFO | Email loaded: hn   mjhb 
2026-07-10 12:35:07,857 | INFO | Email loaded: FRiday
2026-07-10 12:35:07,873 | INFO | Attachment found in: email
2026-07-10 12:35:07,873 | ERROR | Attachment saving failed: [Errno 2] No such file or directory: 'attachments\\Post-Mid-Term Assignment 2 TRW.pdf'
2026-07-10 12:35:07,873 | INFO | Email loaded: email
2026-07-10 12:35:07,873 | INFO | Email loaded: gdhnss
2026-07-10 12:35:07,892 | INFO | Reading latest 5 emails
2026-07-10 12:35:27,869 | INFO | Attachment found in: post 
2026-07-10 12:35:27,869 | ERROR | Attachment saving failed: [Errno 2] No such file or directory: 'attachments\\Post-Mid-Term Assignment 2 TRW.pdf'
2026-07-10 12:35:27,869 | INFO | Email loaded: post 
2026-07-10 12:35:27,869 | INFO | Email loaded: hn   mjhb 
2026-07-10 12:35:27,933 | INFO | Email loaded: FRiday
2026-07-10 12:35:27,933 | INFO | Attachment found in: email
2026-07-10 12:35:27,933 | ERROR | Attachment saving failed: [Errno 2] No such file or directory: 'attachments\\Post-Mid-Term Assignment 2 TRW.pdf'
2026-07-10 12:35:27,933 | INFO | Email loaded: email
2026-07-10 12:35:27,948 | INFO | Email loaded: gdhnss
2026-07-10 12:35:48,560 | INFO | Attachment found in: post 
2026-07-10 12:35:48,568 | ERROR | Attachment saving failed: [Errno 2] No such file or directory: 'attachments\\Post-Mid-Term Assignment 2 TRW.pdf'
2026-07-10 12:35:48,568 | INFO | Email loaded: post 
2026-07-10 12:35:48,576 | INFO | Email loaded: hn   mjhb 
2026-07-10 12:35:48,648 | INFO | Email loaded: FRiday
2026-07-10 12:35:48,663 | INFO | Attachment found in: email
2026-07-10 12:35:48,663 | ERROR | Attachment saving failed: [Errno 2] No such file or directory: 'attachments\\Post-Mid-Term Assignment 2 TRW.pdf'
2026-07-10 12:35:48,663 | INFO | Email loaded: email
2026-07-10 12:35:48,663 | INFO | Email loaded: gdhnss
2026-07-10 12:35:48,663 | INFO | Reading latest 5 emails
2026-07-10 12:36:05,702 | INFO | Attachment found in: post 
2026-07-10 12:36:05,702 | ERROR | Attachment saving failed: [Errno 2] No such file or directory: 'attachments\\Post-Mid-Term Assignment 2 TRW.pdf'
2026-07-10 12:36:05,702 | INFO | Email loaded: post 
2026-07-10 12:36:05,702 | INFO | Email loaded: hn   mjhb 
2026-07-10 12:36:05,740 | INFO | Email loaded: FRiday
2026-07-10 12:36:05,748 | INFO | Attachment found in: email
2026-07-10 12:36:05,748 | ERROR | Attachment saving failed: [Errno 2] No such file or directory: 'attachments\\Post-Mid-Term Assignment 2 TRW.pdf'
2026-07-10 12:36:05,748 | INFO | Email loaded: email
2026-07-10 12:36:05,748 | INFO | Email loaded: gdhnss
2026-07-10 12:36:05,760 | INFO | Reading latest 5 emails
2026-07-10 12:36:05,781 | INFO | Reading latest 5 emails
2026-07-10 12:36:05,785 | INFO | Reading latest 5 emails
2026-07-10 12:36:05,787 | INFO | Reading latest 5 emails
2026-07-10 12:36:05,800 | INFO | Reading latest 5 emails
2026-07-10 12:36:05,804 | INFO | Reading latest 5 emails
2026-07-10 12:36:05,818 | INFO | Reading latest 5 emails
2026-07-10 12:36:05,820 | INFO | Reading latest 5 emails
2026-07-10 12:36:05,827 | INFO | Reading latest 5 emails
2026-07-10 12:36:24,847 | INFO | Attachment found in: post 
2026-07-10 12:36:24,847 | ERROR | Attachment saving failed: [Errno 2] No such file or directory: 'attachments\\Post-Mid-Term Assignment 2 TRW.pdf'
2026-07-10 12:36:24,847 | INFO | Email loaded: post 
2026-07-10 12:36:24,850 | INFO | Email loaded: hn   mjhb 
2026-07-10 12:36:24,880 | INFO | Email loaded: FRiday
2026-07-10 12:36:24,885 | INFO | Attachment found in: email
2026-07-10 12:36:24,885 | ERROR | Attachment saving failed: [Errno 2] No such file or directory: 'attachments\\Post-Mid-Term Assignment 2 TRW.pdf'
2026-07-10 12:36:24,885 | INFO | Email loaded: email
2026-07-10 12:36:24,887 | INFO | Email loaded: gdhnss
2026-07-10 12:36:31,119 | INFO | Reading latest 5 emails
2026-07-10 12:36:47,249 | INFO | Attachment found in: post 
2026-07-10 12:36:47,249 | ERROR | Attachment saving failed: [Errno 2] No such file or directory: 'attachments\\Post-Mid-Term Assignment 2 TRW.pdf'
2026-07-10 12:36:47,250 | INFO | Email loaded: post 
2026-07-10 12:36:47,251 | INFO | Email loaded: hn   mjhb 
2026-07-10 12:36:47,280 | INFO | Email loaded: FRiday
2026-07-10 12:36:47,280 | INFO | Attachment found in: email
2026-07-10 12:36:47,280 | ERROR | Attachment saving failed: [Errno 2] No such file or directory: 'attachments\\Post-Mid-Term Assignment 2 TRW.pdf'
2026-07-10 12:36:47,280 | INFO | Email loaded: email
2026-07-10 12:36:47,288 | INFO | Email loaded: gdhnss
2026-07-10 12:37:06,280 | INFO | Attachment found in: post 
2026-07-10 12:37:06,289 | ERROR | Attachment saving failed: [Errno 2] No such file or directory: 'attachments\\Post-Mid-Term Assignment 2 TRW.pdf'
2026-07-10 12:37:06,289 | INFO | Email loaded: post 
2026-07-10 12:37:06,297 | INFO | Email loaded: hn   mjhb 
2026-07-10 12:37:06,321 | INFO | Email loaded: FRiday
2026-07-10 12:37:06,331 | INFO | Attachment found in: email
2026-07-10 12:37:06,331 | ERROR | Attachment saving failed: [Errno 2] No such file or directory: 'attachments\\Post-Mid-Term Assignment 2 TRW.pdf'
2026-07-10 12:37:06,331 | INFO | Email loaded: email
2026-07-10 12:37:06,331 | INFO | Email loaded: gdhnss
2026-07-10 12:37:35,079 | INFO | Attachment found in: post 
2026-07-10 12:37:35,079 | ERROR | Attachment saving failed: [Errno 2] No such file or directory: 'attachments\\Post-Mid-Term Assignment 2 TRW.pdf'
2026-07-10 12:37:35,079 | INFO | Email loaded: post 
2026-07-10 12:37:35,087 | INFO | Email loaded: hn   mjhb 
2026-07-10 12:37:35,160 | INFO | Email loaded: FRiday
2026-07-10 12:37:35,168 | INFO | Attachment found in: email
2026-07-10 12:37:35,168 | ERROR | Attachment saving failed: [Errno 2] No such file or directory: 'attachments\\Post-Mid-Term Assignment 2 TRW.pdf'
2026-07-10 12:37:35,168 | INFO | Email loaded: email
2026-07-10 12:37:35,176 | INFO | Email loaded: gdhnss
2026-07-10 12:37:55,247 | INFO | Attachment found in: post 
2026-07-10 12:37:55,248 | ERROR | Attachment saving failed: [Errno 2] No such file or directory: 'attachments\\Post-Mid-Term Assignment 2 TRW.pdf'
2026-07-10 12:37:55,248 | INFO | Email loaded: post 
2026-07-10 12:37:55,249 | INFO | Email loaded: hn   mjhb 
2026-07-10 12:37:55,328 | INFO | Email loaded: FRiday
2026-07-10 12:37:55,336 | INFO | Attachment found in: email
2026-07-10 12:37:55,336 | ERROR | Attachment saving failed: [Errno 2] No such file or directory: 'attachments\\Post-Mid-Term Assignment 2 TRW.pdf'
2026-07-10 12:37:55,336 | INFO | Email loaded: email
2026-07-10 12:37:55,336 | INFO | Email loaded: gdhnss
2026-07-10 12:38:15,927 | INFO | Attachment found in: post 
2026-07-10 12:38:15,927 | ERROR | Attachment saving failed: [Errno 2] No such file or directory: 'attachments\\Post-Mid-Term Assignment 2 TRW.pdf'
2026-07-10 12:38:15,927 | INFO | Email loaded: post 
2026-07-10 12:38:15,933 | INFO | Email loaded: hn   mjhb 
2026-07-10 12:38:16,029 | INFO | Email loaded: FRiday
2026-07-10 12:38:16,032 | INFO | Attachment found in: email
2026-07-10 12:38:16,032 | ERROR | Attachment saving failed: [Errno 2] No such file or directory: 'attachments\\Post-Mid-Term Assignment 2 TRW.pdf'
2026-07-10 12:38:16,032 | INFO | Email loaded: email
2026-07-10 12:38:16,045 | INFO | Email loaded: gdhnss
2026-07-10 12:38:31,252 | INFO | Attachment found in: post 
2026-07-10 12:38:31,252 | ERROR | Attachment saving failed: [Errno 2] No such file or directory: 'attachments\\Post-Mid-Term Assignment 2 TRW.pdf'
2026-07-10 12:38:31,252 | INFO | Email loaded: post 
2026-07-10 12:38:31,252 | INFO | Email loaded: hn   mjhb 
2026-07-10 12:38:31,326 | INFO | Email loaded: FRiday
2026-07-10 12:38:31,337 | INFO | Attachment found in: email
2026-07-10 12:38:31,337 | ERROR | Attachment saving failed: [Errno 2] No such file or directory: 'attachments\\Post-Mid-Term Assignment 2 TRW.pdf'
2026-07-10 12:38:31,337 | INFO | Email loaded: email
2026-07-10 12:38:31,343 | INFO | Email loaded: gdhnss
2026-07-10 12:38:48,770 | INFO | Attachment found in: post 
2026-07-10 12:38:48,770 | ERROR | Attachment saving failed: [Errno 2] No such file or directory: 'attachments\\Post-Mid-Term Assignment 2 TRW.pdf'
2026-07-10 12:38:48,770 | INFO | Email loaded: post 
2026-07-10 12:38:48,778 | INFO | Email loaded: hn   mjhb 
2026-07-10 12:38:48,856 | INFO | Email loaded: FRiday
2026-07-10 12:38:48,856 | INFO | Attachment found in: email
2026-07-10 12:38:48,856 | ERROR | Attachment saving failed: [Errno 2] No such file or directory: 'attachments\\Post-Mid-Term Assignment 2 TRW.pdf'
2026-07-10 12:38:48,856 | INFO | Email loaded: email
2026-07-10 12:38:48,872 | INFO | Email loaded: gdhnss
2026-07-10 12:38:48,887 | INFO | Reading latest 5 emails
2026-07-10 12:39:07,991 | INFO | Attachment found in: post 
2026-07-10 12:39:07,991 | ERROR | Attachment saving failed: [Errno 2] No such file or directory: 'attachments\\Post-Mid-Term Assignment 2 TRW.pdf'
2026-07-10 12:39:07,991 | INFO | Email loaded: post 
2026-07-10 12:39:07,991 | INFO | Email loaded: hn   mjhb 
2026-07-10 12:39:08,061 | INFO | Email loaded: FRiday
2026-07-10 12:39:08,064 | INFO | Attachment found in: email
2026-07-10 12:39:08,064 | ERROR | Attachment saving failed: [Errno 2] No such file or directory: 'attachments\\Post-Mid-Term Assignment 2 TRW.pdf'
2026-07-10 12:39:08,064 | INFO | Email loaded: email
2026-07-10 12:39:08,076 | INFO | Email loaded: gdhnss
2026-07-10 12:39:08,081 | INFO | Reading latest 5 emails
2026-07-10 12:39:27,910 | INFO | Attachment found in: post 
2026-07-10 12:39:27,942 | ERROR | Attachment saving failed: [Errno 2] No such file or directory: 'attachments\\Post-Mid-Term Assignment 2 TRW.pdf'
2026-07-10 12:39:27,942 | INFO | Email loaded: post 
2026-07-10 12:39:27,948 | INFO | Email loaded: hn   mjhb 
2026-07-10 12:39:28,036 | INFO | Email loaded: FRiday
2026-07-10 12:39:28,041 | INFO | Attachment found in: email
2026-07-10 12:39:28,041 | ERROR | Attachment saving failed: [Errno 2] No such file or directory: 'attachments\\Post-Mid-Term Assignment 2 TRW.pdf'
2026-07-10 12:39:28,041 | INFO | Email loaded: email
2026-07-10 12:39:28,043 | INFO | Email loaded: gdhnss
2026-07-10 12:39:28,050 | INFO | Reading latest 5 emails
2026-07-10 12:39:50,086 | INFO | Attachment found in: post 
2026-07-10 12:39:50,086 | ERROR | Attachment saving failed: [Errno 2] No such file or directory: 'attachments\\Post-Mid-Term Assignment 2 TRW.pdf'
2026-07-10 12:39:50,086 | INFO | Email loaded: post 
2026-07-10 12:39:50,102 | INFO | Email loaded: hn   mjhb 
2026-07-10 12:39:50,173 | INFO | Email loaded: FRiday
2026-07-10 12:39:50,173 | INFO | Attachment found in: email
2026-07-10 12:39:50,173 | ERROR | Attachment saving failed: [Errno 2] No such file or directory: 'attachments\\Post-Mid-Term Assignment 2 TRW.pdf'
2026-07-10 12:39:50,181 | INFO | Email loaded: email
2026-07-10 12:39:50,181 | INFO | Email loaded: gdhnss
2026-07-10 12:39:50,181 | INFO | Reading latest 5 emails
2026-07-10 12:40:09,537 | INFO | Attachment found in: post 
2026-07-10 12:40:09,537 | ERROR | Attachment saving failed: [Errno 2] No such file or directory: 'attachments\\Post-Mid-Term Assignment 2 TRW.pdf'
2026-07-10 12:40:09,537 | INFO | Email loaded: post 
2026-07-10 12:40:09,553 | INFO | Email loaded: hn   mjhb 
2026-07-10 12:40:09,623 | INFO | Email loaded: FRiday
2026-07-10 12:40:09,633 | INFO | Attachment found in: email
2026-07-10 12:40:09,633 | ERROR | Attachment saving failed: [Errno 2] No such file or directory: 'attachments\\Post-Mid-Term Assignment 2 TRW.pdf'
2026-07-10 12:40:09,633 | INFO | Email loaded: email
2026-07-10 12:40:09,633 | INFO | Email loaded: gdhnss
2026-07-10 12:40:09,646 | INFO | Reading latest 5 emails
2026-07-10 12:40:28,851 | INFO | Attachment found in: post 
2026-07-10 12:40:28,855 | ERROR | Attachment saving failed: [Errno 2] No such file or directory: 'attachments\\Post-Mid-Term Assignment 2 TRW.pdf'
2026-07-10 12:40:28,855 | INFO | Email loaded: post 
2026-07-10 12:40:28,857 | INFO | Email loaded: hn   mjhb 
2026-07-10 12:40:28,930 | INFO | Email loaded: FRiday
2026-07-10 12:40:28,930 | INFO | Attachment found in: email
2026-07-10 12:40:28,930 | ERROR | Attachment saving failed: [Errno 2] No such file or directory: 'attachments\\Post-Mid-Term Assignment 2 TRW.pdf'
2026-07-10 12:40:28,930 | INFO | Email loaded: email
2026-07-10 12:40:28,930 | INFO | Email loaded: gdhnss
2026-07-10 12:40:28,951 | INFO | Reading latest 5 emails
2026-07-10 12:40:40,980 | INFO | Attachment found in: post 
2026-07-10 12:40:40,980 | ERROR | Attachment saving failed: [Errno 2] No such file or directory: 'attachments\\Post-Mid-Term Assignment 2 TRW.pdf'
2026-07-10 12:40:40,995 | INFO | Email loaded: post 
2026-07-10 12:40:40,995 | INFO | Email loaded: hn   mjhb 
2026-07-10 12:40:41,090 | INFO | Email loaded: FRiday
2026-07-10 12:40:41,090 | INFO | Attachment found in: email
2026-07-10 12:40:41,090 | ERROR | Attachment saving failed: [Errno 2] No such file or directory: 'attachments\\Post-Mid-Term Assignment 2 TRW.pdf'
2026-07-10 12:40:41,090 | INFO | Email loaded: email
2026-07-10 12:40:41,106 | INFO | Email loaded: gdhnss
2026-07-10 12:40:41,111 | INFO | Reading latest 5 emails
2026-07-10 12:40:52,494 | INFO | Attachment found in: post 
2026-07-10 12:40:52,494 | ERROR | Attachment saving failed: [Errno 2] No such file or directory: 'attachments\\Post-Mid-Term Assignment 2 TRW.pdf'
2026-07-10 12:40:52,494 | INFO | Email loaded: post 
2026-07-10 12:40:52,494 | INFO | Email loaded: hn   mjhb 
2026-07-10 12:40:52,589 | INFO | Email loaded: FRiday
2026-07-10 12:40:52,605 | INFO | Attachment found in: email
2026-07-10 12:40:52,605 | ERROR | Attachment saving failed: [Errno 2] No such file or directory: 'attachments\\Post-Mid-Term Assignment 2 TRW.pdf'
2026-07-10 12:40:52,605 | INFO | Email loaded: email
2026-07-10 12:40:52,605 | INFO | Email loaded: gdhnss
2026-07-10 12:41:03,828 | INFO | Attachment found in: post 
2026-07-10 12:41:03,842 | ERROR | Attachment saving failed: [Errno 2] No such file or directory: 'attachments\\Post-Mid-Term Assignment 2 TRW.pdf'
2026-07-10 12:41:03,845 | INFO | Email loaded: post 
2026-07-10 12:41:03,861 | INFO | Email loaded: hn   mjhb 
2026-07-10 12:41:03,932 | INFO | Email loaded: FRiday
2026-07-10 12:41:03,932 | INFO | Attachment found in: email
2026-07-10 12:41:03,932 | ERROR | Attachment saving failed: [Errno 2] No such file or directory: 'attachments\\Post-Mid-Term Assignment 2 TRW.pdf'
2026-07-10 12:41:03,932 | INFO | Email loaded: email
2026-07-10 12:41:03,947 | INFO | Email loaded: gdhnss
2026-07-10 12:41:15,639 | INFO | Attachment found in: post 
2026-07-10 12:41:15,641 | ERROR | Attachment saving failed: [Errno 2] No such file or directory: 'attachments\\Post-Mid-Term Assignment 2 TRW.pdf'
2026-07-10 12:41:15,641 | INFO | Email loaded: post 
2026-07-10 12:41:15,652 | INFO | Email loaded: hn   mjhb 
2026-07-10 12:41:15,718 | INFO | Email loaded: FRiday
2026-07-10 12:41:15,720 | INFO | Attachment found in: email
2026-07-10 12:41:15,720 | ERROR | Attachment saving failed: [Errno 2] No such file or directory: 'attachments\\Post-Mid-Term Assignment 2 TRW.pdf'
2026-07-10 12:41:15,720 | INFO | Email loaded: email
2026-07-10 12:41:15,730 | INFO | Email loaded: gdhnss
2026-07-10 12:41:15,736 | INFO | Reading latest 5 emails
2026-07-10 12:41:27,273 | INFO | Attachment found in: post 
2026-07-10 12:41:27,273 | ERROR | Attachment saving failed: [Errno 2] No such file or directory: 'attachments\\Post-Mid-Term Assignment 2 TRW.pdf'
2026-07-10 12:41:27,273 | INFO | Email loaded: post 
2026-07-10 12:41:27,273 | INFO | Email loaded: hn   mjhb 
2026-07-10 12:41:27,336 | INFO | Email loaded: FRiday
2026-07-10 12:41:27,336 | INFO | Attachment found in: email
2026-07-10 12:41:27,336 | ERROR | Attachment saving failed: [Errno 2] No such file or directory: 'attachments\\Post-Mid-Term Assignment 2 TRW.pdf'
2026-07-10 12:41:27,336 | INFO | Email loaded: email
2026-07-10 12:41:27,351 | INFO | Email loaded: gdhnss
2026-07-10 12:41:27,351 | INFO | Reading latest 5 emails
2026-07-10 12:41:42,139 | INFO | Attachment found in: post 
2026-07-10 12:41:42,139 | ERROR | Attachment saving failed: [Errno 2] No such file or directory: 'attachments\\Post-Mid-Term Assignment 2 TRW.pdf'
2026-07-10 12:41:42,139 | INFO | Email loaded: post 
2026-07-10 12:41:42,147 | INFO | Email loaded: hn   mjhb 
2026-07-10 12:41:42,176 | INFO | Email loaded: FRiday
2026-07-10 12:41:42,180 | INFO | Attachment found in: email
2026-07-10 12:41:42,180 | ERROR | Attachment saving failed: [Errno 2] No such file or directory: 'attachments\\Post-Mid-Term Assignment 2 TRW.pdf'
2026-07-10 12:41:42,180 | INFO | Email loaded: email
2026-07-10 12:41:42,184 | INFO | Email loaded: gdhnss
2026-07-10 12:41:50,246 | INFO | Attachment found in: post 
2026-07-10 12:41:50,247 | ERROR | Attachment saving failed: [Errno 2] No such file or directory: 'attachments\\Post-Mid-Term Assignment 2 TRW.pdf'
2026-07-10 12:41:50,247 | INFO | Email loaded: post 
2026-07-10 12:41:50,251 | INFO | Email loaded: hn   mjhb 
2026-07-10 12:41:50,292 | INFO | Email loaded: FRiday
2026-07-10 12:41:50,296 | INFO | Attachment found in: email
2026-07-10 12:41:50,296 | ERROR | Attachment saving failed: [Errno 2] No such file or directory: 'attachments\\Post-Mid-Term Assignment 2 TRW.pdf'
2026-07-10 12:41:50,296 | INFO | Email loaded: email
2026-07-10 12:41:50,300 | INFO | Email loaded: gdhnss
2026-07-10 12:41:52,125 | INFO | Connecting to Exchange Server...
2026-07-10 12:41:52,127 | INFO | Exchange connection successful
2026-07-10 12:41:58,994 | INFO | Attachment found in: post 
2026-07-10 12:41:58,996 | ERROR | Attachment saving failed: [Errno 2] No such file or directory: 'attachments\\Post-Mid-Term Assignment 2 TRW.pdf'
2026-07-10 12:41:58,996 | INFO | Email loaded: post 
2026-07-10 12:41:59,001 | INFO | Email loaded: hn   mjhb 
2026-07-10 12:41:59,044 | INFO | Email loaded: FRiday
2026-07-10 12:41:59,051 | INFO | Attachment found in: email
2026-07-10 12:41:59,053 | ERROR | Attachment saving failed: [Errno 2] No such file or directory: 'attachments\\Post-Mid-Term Assignment 2 TRW.pdf'
2026-07-10 12:41:59,053 | INFO | Email loaded: email
2026-07-10 12:41:59,056 | INFO | Email loaded: gdhnss
2026-07-10 12:42:04,513 | INFO | Attachment found in: post 
2026-07-10 12:42:04,520 | ERROR | Attachment saving failed: [Errno 2] No such file or directory: 'attachments\\Post-Mid-Term Assignment 2 TRW.pdf'
2026-07-10 12:42:04,521 | INFO | Email loaded: post 
2026-07-10 12:42:04,523 | INFO | Email loaded: hn   mjhb 
2026-07-10 12:42:04,565 | INFO | Email loaded: FRiday
2026-07-10 12:42:04,568 | INFO | Attachment found in: email
2026-07-10 12:42:04,569 | ERROR | Attachment saving failed: [Errno 2] No such file or directory: 'attachments\\Post-Mid-Term Assignment 2 TRW.pdf'
2026-07-10 12:42:04,569 | INFO | Email loaded: email
2026-07-10 12:42:04,571 | INFO | Email loaded: gdhnss
2026-07-10 12:42:10,073 | INFO | Attachment found in: post 
2026-07-10 12:42:10,073 | ERROR | Attachment saving failed: [Errno 2] No such file or directory: 'attachments\\Post-Mid-Term Assignment 2 TRW.pdf'
2026-07-10 12:42:10,073 | INFO | Email loaded: post 
2026-07-10 12:42:10,088 | INFO | Email loaded: hn   mjhb 
2026-07-10 12:42:10,147 | INFO | Email loaded: FRiday
2026-07-10 12:42:10,163 | INFO | Attachment found in: email
2026-07-10 12:42:10,163 | ERROR | Attachment saving failed: [Errno 2] No such file or directory: 'attachments\\Post-Mid-Term Assignment 2 TRW.pdf'
2026-07-10 12:42:10,163 | INFO | Email loaded: email
2026-07-10 12:42:10,168 | INFO | Email loaded: gdhnss
2026-07-10 12:42:27,967 | INFO | Connecting to Exchange Server...
2026-07-10 12:42:27,970 | INFO | Exchange connection successful
2026-07-10 12:42:28,788 | INFO | Attachment found in: post 
2026-07-10 12:42:28,789 | ERROR | Attachment saving failed: [Errno 2] No such file or directory: 'attachments\\Post-Mid-Term Assignment 2 TRW.pdf'
2026-07-10 12:42:28,789 | INFO | Email loaded: post 
2026-07-10 12:42:28,791 | INFO | Email loaded: hn   mjhb 
2026-07-10 12:42:28,821 | INFO | Email loaded: FRiday
2026-07-10 12:42:28,823 | INFO | Attachment found in: email
2026-07-10 12:42:28,824 | ERROR | Attachment saving failed: [Errno 2] No such file or directory: 'attachments\\Post-Mid-Term Assignment 2 TRW.pdf'
2026-07-10 12:42:28,824 | INFO | Email loaded: email
2026-07-10 12:42:28,825 | INFO | Email loaded: gdhnss
2026-07-10 12:42:30,719 | INFO | Connecting to Exchange Server...
2026-07-10 12:42:30,721 | INFO | Exchange connection successful
2026-07-10 12:43:31,390 | INFO | Connecting to Exchange Server...
2026-07-10 12:43:31,393 | INFO | Connecting to Exchange Server...
2026-07-10 12:43:31,393 | INFO | Exchange connection successful
2026-07-10 12:43:31,396 | INFO | Exchange connection successful
2026-07-10 12:43:32,379 | INFO | Connecting to Exchange Server...
2026-07-10 12:43:32,383 | INFO | Exchange connection successful
2026-07-10 12:43:45,624 | INFO | Connecting to Exchange Server...
2026-07-10 12:43:45,626 | INFO | Connecting to Exchange Server...
2026-07-10 12:43:45,627 | INFO | Exchange connection successful
2026-07-10 12:43:45,629 | INFO | Exchange connection successful
2026-07-10 12:43:46,683 | INFO | Connecting to Exchange Server...
2026-07-10 12:43:46,686 | INFO | Exchange connection successful
2026-07-10 12:44:20,223 | INFO | Connecting to Exchange Server...
2026-07-10 12:44:20,225 | INFO | Exchange connection successful
2026-07-10 14:42:11,764 | INFO | Connecting to Exchange Server...
2026-07-10 14:42:11,768 | INFO | Exchange connection successful
2026-07-10 14:44:01,341 | INFO | Connecting to Exchange Server...
2026-07-10 14:44:01,342 | INFO | Connecting to Exchange Server...
2026-07-10 14:44:01,345 | INFO | Exchange connection successful
2026-07-10 14:44:01,345 | INFO | Exchange connection successful
2026-07-10 14:44:01,532 | INFO | Connecting to Exchange Server...
2026-07-10 14:44:01,535 | INFO | Exchange connection successful
2026-07-10 14:44:01,608 | INFO | Connecting to Exchange Server...
2026-07-10 14:44:01,612 | INFO | Exchange connection successful
2026-07-10 14:44:01,639 | INFO | Connecting to Exchange Server...
2026-07-10 14:44:01,644 | INFO | Exchange connection successful
